Build started 2015/6/27 8:41:28.
     1>Project "D:\GitHub\DesignPattern\Strategy\Strategy\Strategy.vcxproj" on node 2 (build target(s)).
     1>InitializeBuildStatus:
         Touching "Debug\Strategy.unsuccessfulbuild".
       ClCompile:
         All outputs are up-to-date.
         d:\Program Files (x86)\Microsoft Visual Studio 10.0\VC\bin\CL.exe /c /ZI /nologo /W3 /WX- /Od /Oy- /D WIN32 /D _DEBUG /D _CONSOLE /D _UNICODE /D UNICODE /Gm /EHsc /RTC1 /MDd /GS /fp:precise /Zc:wchar_t /Zc:forScope /Yu"StdAfx.h" /Fp"Debug\Strategy.pch" /Fo"Debug\\" /Fd"Debug\vc100.pdb" /Gd /TP /analyze- /errorReport:prompt PriceStrategy.cpp
         PriceStrategy.cpp
       Link:
         d:\Program Files (x86)\Microsoft Visual Studio 10.0\VC\bin\link.exe /ERRORREPORT:PROMPT /OUT:"D:\GitHub\DesignPattern\Strategy\Debug\Strategy.exe" /INCREMENTAL /NOLOGO kernel32.lib user32.lib gdi32.lib winspool.lib comdlg32.lib advapi32.lib shell32.lib ole32.lib oleaut32.lib uuid.lib odbc32.lib odbccp32.lib /MANIFEST /ManifestFile:"Debug\Strategy.exe.intermediate.manifest" /MANIFESTUAC:"level='asInvoker' uiAccess='false'" /DEBUG /PDB:"D:\GitHub\DesignPattern\Strategy\Debug\Strategy.pdb" /SUBSYSTEM:CONSOLE /TLBID:1 /DYNAMICBASE /NXCOMPAT /IMPLIB:"D:\GitHub\DesignPattern\Strategy\Debug\Strategy.lib" /MACHINE:X86 Debug\PriceStrategy.obj
         Debug\stdafx.obj
         Debug\Strategy.obj
         Strategy.vcxproj -> D:\GitHub\DesignPattern\Strategy\Debug\Strategy.exe
       Manifest:
         C:\Program Files (x86)\Microsoft SDKs\Windows\v7.0A\bin\mt.exe /nologo /verbose /out:"D:\GitHub\DesignPattern\Strategy\Debug\Strategy.exe.manifest" /manifest Debug\Strategy.exe.intermediate.manifest
       FinalizeBuildStatus:
         Deleting file "Debug\Strategy.unsuccessfulbuild".
         Touching "Debug\Strategy.lastbuildstate".
     1>Done Building Project "D:\GitHub\DesignPattern\Strategy\Strategy\Strategy.vcxproj" (build target(s)).

生成成功。

Time Elapsed 00:00:00.51
