D:\C++PROJECT\DESIGNPATTERN\DEBUG\DESIGNPATTERN.EXE
D:\C++PROJECT\DESIGNPATTERN\DEBUG\DESIGNPATTERN.ILK
D:\C++PROJECT\DESIGNPATTERN\DEBUG\DESIGNPATTERN.PDB
D:\C++PROJECT\DESIGNPATTERN\DESIGNPATTERN\DEBUG\.NETFRAMEWORK,VERSION=V4.0.ASSEMBLYATTRIBUTES.OBJ
D:\C++PROJECT\DESIGNPATTERN\DESIGNPATTERN\DEBUG\APP.RES
D:\C++PROJECT\DESIGNPATTERN\DESIGNPATTERN\DEBUG\ASSEMBLYINFO.OBJ
D:\C++project\DesignPattern\DesignPattern\Debug\cl.command.1.tlog
D:\C++project\DesignPattern\DesignPattern\Debug\CL.read.1.tlog
D:\C++project\DesignPattern\DesignPattern\Debug\CL.write.1.tlog
D:\C++PROJECT\DESIGNPATTERN\DESIGNPATTERN\DEBUG\DESIGNPATTERN.EXE.INTERMEDIATE.MANIFEST
D:\C++PROJECT\DESIGNPATTERN\DESIGNPATTERN\DEBUG\DESIGNPATTERN.FORM1.RESOURCES
D:\C++PROJECT\DESIGNPATTERN\DESIGNPATTERN\DEBUG\DESIGNPATTERN.OBJ
D:\C++PROJECT\DESIGNPATTERN\DESIGNPATTERN\DEBUG\DESIGNPATTERN.PCH
D:\C++project\DesignPattern\DesignPattern\Debug\DesignPattern.write.1.tlog
D:\C++project\DesignPattern\DesignPattern\Debug\GenerateResource.read.315.tlog
D:\C++project\DesignPattern\DesignPattern\Debug\GenerateResource.write.315.tlog
D:\C++project\DesignPattern\DesignPattern\Debug\link.4028.read.1.tlog
D:\C++project\DesignPattern\DesignPattern\Debug\link.4028.write.1.tlog
D:\C++project\DesignPattern\DesignPattern\Debug\link.4028-cvtres.read.1.tlog
D:\C++project\DesignPattern\DesignPattern\Debug\link.4028-cvtres.write.1.tlog
D:\C++project\DesignPattern\DesignPattern\Debug\link.command.1.tlog
D:\C++project\DesignPattern\DesignPattern\Debug\link.read.1.tlog
D:\C++project\DesignPattern\DesignPattern\Debug\link.write.1.tlog
D:\C++project\DesignPattern\DesignPattern\Debug\mt.command.1.tlog
D:\C++project\DesignPattern\DesignPattern\Debug\mt.read.1.tlog
D:\C++project\DesignPattern\DesignPattern\Debug\mt.write.1.tlog
D:\C++PROJECT\DESIGNPATTERN\DESIGNPATTERN\DEBUG\OPERATION.OBJ
D:\C++PROJECT\DESIGNPATTERN\DESIGNPATTERN\DEBUG\OPERATIONFACTORY.OBJ
D:\C++project\DesignPattern\DesignPattern\Debug\rc.command.1.tlog
D:\C++project\DesignPattern\DesignPattern\Debug\rc.read.1.tlog
D:\C++project\DesignPattern\DesignPattern\Debug\rc.write.1.tlog
D:\C++PROJECT\DESIGNPATTERN\DESIGNPATTERN\DEBUG\STDAFX.OBJ
D:\C++PROJECT\DESIGNPATTERN\DESIGNPATTERN\DEBUG\VC100.PDB
